<?xml version="1.0" encoding="UTF-8" ?>
<testsuite tests="5" failures="0" name="com.niit.ElectronicBackend.SpringTest" time="1.154" errors="0" skipped="4">
  <properties>
[...]
</properties>
  <testcase classname="com.niit.ElectronicBackend.SpringTest" name="getUserDetailsById" time="0.256">
    <skipped/>
    <system-err>Oct 18, 2019 8:20:33 AM org.springframework.test.context.support.AbstractTestContextBootstrapper getDefaultTestExecutionListenerClassNames
INFO: Loaded default TestExecutionListener class names from location [META-INF/spring.factories]: [org.springframework.test.context.web.ServletTestExecutionListener, org.springframework.test.context.support.DirtiesContextBeforeModesTestExecutionListener, org.springframework.test.context.support.DependencyInjectionTestExecutionListener, org.springframework.test.context.support.DirtiesContextTestExecutionListener, org.springframework.test.context.transaction.TransactionalTestExecutionListener, org.springframework.test.context.jdbc.SqlScriptsTestExecutionListener, org.springframework.test.context.event.EventPublishingTestExecutionListener]
Oct 18, 2019 8:20:33 AM org.springframework.test.context.support.AbstractTestContextBootstrapper getTestExecutionListeners
INFO: Using TestExecutionListeners: [org.springframework.test.context.support.DirtiesContextBeforeModesTestExecutionListener@20398b7c, org.springframework.test.context.support.DependencyInjectionTestExecutionListener@6fc6f14e, org.springframework.test.context.support.DirtiesContextTestExecutionListener@56235b8e, org.springframework.test.context.transaction.TransactionalTestExecutionListener@3632be31, org.springframework.test.context.jdbc.SqlScriptsTestExecutionListener@5abca1e0, org.springframework.test.context.event.EventPublishingTestExecutionListener@2286778]
</system-err>
  </testcase>
  <testcase classname="com.niit.ElectronicBackend.SpringTest" name="updateUserDetails" time="0.259">
    <skipped/>
  </testcase>
  <testcase classname="com.niit.ElectronicBackend.SpringTest" name="getUserDetails" time="0.259">
    <skipped/>
  </testcase>
  <testcase classname="com.niit.ElectronicBackend.SpringTest" name="deleteUserDetails" time="0.259">
    <skipped/>
  </testcase>
  <testcase classname="com.niit.ElectronicBackend.SpringTest" name="addUserDetails" time="0.121"/>
</testsuite>